<?xml version="1.0" encoding="UTF-8"?>
<testng-results ignored="0" total="1" passed="1" failed="0" skipped="0">
  <reporter-output>
  </reporter-output>
  <suite started-at="2021-11-10T14:02:48 IST" name="Default suite" finished-at="2021-11-10T14:03:38 IST" duration-ms="50380">
    <groups>
    </groups>
    <test started-at="2021-11-10T14:02:48 IST" name="Default test" finished-at="2021-11-10T14:03:38 IST" duration-ms="50380">
      <class name="com.ibm.testcases.CareerPageTests">
        <test-method is-config="true" signature="setup()[pri:0, instance:com.ibm.testcases.CareerPageTests@1cbb87f3]" started-at="2021-11-10T14:02:48 IST" name="setup" finished-at="2021-11-10T14:03:03 IST" duration-ms="15201" status="PASS">
          <reporter-output>
          </reporter-output>
        </test-method> <!-- setup -->
        <test-method signature="test01(java.lang.String, java.lang.String, java.lang.String, java.lang.String, java.lang.String, java.lang.String, java.lang.String, java.lang.String)[pri:1, instance:com.ibm.testcases.CareerPageTests@1cbb87f3]" started-at="2021-11-10T14:03:04 IST" name="test01" data-provider="getTest01Data" finished-at="2021-11-10T14:03:34 IST" duration-ms="30048" status="PASS">
          <params>
            <param index="0">
              <value>
                <![CDATA[Test Automation]]>
              </value>
            </param>
            <param index="1">
              <value>
                <![CDATA[Software Development & Support]]>
              </value>
            </param>
            <param index="2">
              <value>
                <![CDATA[Professional]]>
              </value>
            </param>
            <param index="3">
              <value>
                <![CDATA[16 per page]]>
              </value>
            </param>
            <param index="4">
              <value>
                <![CDATA[Professional (>3 years)]]>
              </value>
            </param>
            <param index="5">
              <value>
                <![CDATA[English]]>
              </value>
            </param>
            <param index="6">
              <value>
                <![CDATA[Developer]]>
              </value>
            </param>
            <param index="7">
              <value>
                <![CDATA[India]]>
              </value>
            </param>
          </params>
          <reporter-output>
          </reporter-output>
        </test-method> <!-- test01 -->
        <test-method is-config="true" signature="tearDown()[pri:0, instance:com.ibm.testcases.CareerPageTests@1cbb87f3]" started-at="2021-11-10T14:03:34 IST" name="tearDown" finished-at="2021-11-10T14:03:38 IST" duration-ms="3947" status="PASS">
          <reporter-output>
          </reporter-output>
        </test-method> <!-- tearDown -->
      </class> <!-- com.ibm.testcases.CareerPageTests -->
    </test> <!-- Default test -->
  </suite> <!-- Default suite -->
</testng-results>
